{"C:\\Users\\PC\\Documents\\Olga\\IT\\LF\\LAP2\\Library-Services-App\\server\\controller\\books.js": {"path":"C:\\Users\\PC\\Documents\\Olga\\IT\\LF\\LAP2\\Library-Services-App\\server\\controller\\books.js","statementMap":{"0":{"start":{"line":1,"column":14},"end":{"line":1,"column":40}},"1":{"start":{"line":3,"column":14},"end":{"line":10,"column":1}},"2":{"start":{"line":4,"column":4},"end":{"line":9,"column":5}},"3":{"start":{"line":5,"column":22},"end":{"line":5,"column":42}},"4":{"start":{"line":6,"column":8},"end":{"line":6,"column":35}},"5":{"start":{"line":8,"column":8},"end":{"line":8,"column":50}},"6":{"start":{"line":12,"column":17},"end":{"line":20,"column":1}},"7":{"start":{"line":13,"column":4},"end":{"line":19,"column":5}},"8":{"start":{"line":14,"column":21},"end":{"line":14,"column":51}},"9":{"start":{"line":15,"column":21},"end":{"line":15,"column":55}},"10":{"start":{"line":16,"column":8},"end":{"line":16,"column":34}},"11":{"start":{"line":18,"column":8},"end":{"line":18,"column":50}},"12":{"start":{"line":21,"column":13},"end":{"line":29,"column":1}},"13":{"start":{"line":22,"column":4},"end":{"line":28,"column":5}},"14":{"start":{"line":23,"column":19},"end":{"line":23,"column":32}},"15":{"start":{"line":24,"column":21},"end":{"line":24,"column":47}},"16":{"start":{"line":25,"column":8},"end":{"line":25,"column":34}},"17":{"start":{"line":27,"column":8},"end":{"line":27,"column":50}},"18":{"start":{"line":32,"column":21},"end":{"line":42,"column":1}},"19":{"start":{"line":33,"column":4},"end":{"line":40,"column":5}},"20":{"start":{"line":34,"column":25},"end":{"line":34,"column":58}},"21":{"start":{"line":35,"column":29},"end":{"line":35,"column":68}},"22":{"start":{"line":36,"column":8},"end":{"line":36,"column":42}},"23":{"start":{"line":39,"column":8},"end":{"line":39,"column":50}},"24":{"start":{"line":48,"column":0},"end":{"line":48,"column":56}}},"fnMap":{"0":{"name":"(anonymous_0)","decl":{"start":{"line":3,"column":14},"end":{"line":3,"column":15}},"loc":{"start":{"line":3,"column":34},"end":{"line":10,"column":1}},"line":3},"1":{"name":"(anonymous_1)","decl":{"start":{"line":12,"column":17},"end":{"line":12,"column":18}},"loc":{"start":{"line":12,"column":37},"end":{"line":20,"column":1}},"line":12},"2":{"name":"(anonymous_2)","decl":{"start":{"line":21,"column":13},"end":{"line":21,"column":14}},"loc":{"start":{"line":21,"column":33},"end":{"line":29,"column":1}},"line":21},"3":{"name":"(anonymous_3)","decl":{"start":{"line":32,"column":21},"end":{"line":32,"column":22}},"loc":{"start":{"line":32,"column":41},"end":{"line":42,"column":1}},"line":32}},"branchMap":{},"s":{"0":1,"1":1,"2":1,"3":1,"4":0,"5":1,"6":1,"7":1,"8":1,"9":1,"10":1,"11":0,"12":1,"13":1,"14":1,"15":1,"16":1,"17":0,"18":1,"19":1,"20":1,"21":1,"22":1,"23":0,"24":1},"f":{"0":1,"1":1,"2":1,"3":1},"b":{},"_coverageSchema":"1a1c01bbd47fc00a2c39e90264f33305004495a9","hash":"86f2b0a1829bbc311fd1ebafe219b6d1adb3a8ad"}
,"C:\\Users\\PC\\Documents\\Olga\\IT\\LF\\LAP2\\Library-Services-App\\server\\controller\\orders.js": {"path":"C:\\Users\\PC\\Documents\\Olga\\IT\\LF\\LAP2\\Library-Services-App\\server\\controller\\orders.js","statementMap":{"0":{"start":{"line":1,"column":15},"end":{"line":1,"column":42}},"1":{"start":{"line":3,"column":14},"end":{"line":10,"column":1}},"2":{"start":{"line":4,"column":4},"end":{"line":9,"column":5}},"3":{"start":{"line":5,"column":23},"end":{"line":5,"column":44}},"4":{"start":{"line":6,"column":8},"end":{"line":6,"column":36}},"5":{"start":{"line":8,"column":8},"end":{"line":8,"column":52}},"6":{"start":{"line":12,"column":13},"end":{"line":21,"column":1}},"7":{"start":{"line":13,"column":4},"end":{"line":20,"column":5}},"8":{"start":{"line":14,"column":22},"end":{"line":14,"column":35}},"9":{"start":{"line":15,"column":25},"end":{"line":15,"column":52}},"10":{"start":{"line":16,"column":8},"end":{"line":16,"column":38}},"11":{"start":{"line":19,"column":6},"end":{"line":19,"column":50}},"12":{"start":{"line":23,"column":21},"end":{"line":31,"column":1}},"13":{"start":{"line":24,"column":4},"end":{"line":30,"column":5}},"14":{"start":{"line":25,"column":21},"end":{"line":25,"column":29}},"15":{"start":{"line":26,"column":25},"end":{"line":26,"column":55}},"16":{"start":{"line":27,"column":8},"end":{"line":27,"column":39}},"17":{"start":{"line":29,"column":8},"end":{"line":29,"column":51}},"18":{"start":{"line":33,"column":20},"end":{"line":42,"column":1}},"19":{"start":{"line":34,"column":4},"end":{"line":41,"column":5}},"20":{"start":{"line":35,"column":79},"end":{"line":35,"column":87}},"21":{"start":{"line":36,"column":29},"end":{"line":36,"column":115}},"22":{"start":{"line":37,"column":8},"end":{"line":37,"column":42}},"23":{"start":{"line":40,"column":6},"end":{"line":40,"column":50}},"24":{"start":{"line":45,"column":0},"end":{"line":45,"column":56}}},"fnMap":{"0":{"name":"(anonymous_0)","decl":{"start":{"line":3,"column":14},"end":{"line":3,"column":15}},"loc":{"start":{"line":3,"column":34},"end":{"line":10,"column":1}},"line":3},"1":{"name":"(anonymous_1)","decl":{"start":{"line":12,"column":13},"end":{"line":12,"column":14}},"loc":{"start":{"line":12,"column":33},"end":{"line":21,"column":1}},"line":12},"2":{"name":"(anonymous_2)","decl":{"start":{"line":23,"column":21},"end":{"line":23,"column":22}},"loc":{"start":{"line":23,"column":41},"end":{"line":31,"column":1}},"line":23},"3":{"name":"(anonymous_3)","decl":{"start":{"line":33,"column":20},"end":{"line":33,"column":21}},"loc":{"start":{"line":33,"column":40},"end":{"line":42,"column":1}},"line":33}},"branchMap":{},"s":{"0":1,"1":1,"2":1,"3":1,"4":0,"5":1,"6":1,"7":1,"8":1,"9":1,"10":1,"11":0,"12":1,"13":1,"14":1,"15":1,"16":1,"17":0,"18":1,"19":1,"20":1,"21":1,"22":1,"23":0,"24":1},"f":{"0":1,"1":1,"2":1,"3":1},"b":{},"_coverageSchema":"1a1c01bbd47fc00a2c39e90264f33305004495a9","hash":"008af4ccb413e46b020177c8580a7abfa857c175"}
,"C:\\Users\\PC\\Documents\\Olga\\IT\\LF\\LAP2\\Library-Services-App\\server\\controller\\users.js": {"path":"C:\\Users\\PC\\Documents\\Olga\\IT\\LF\\LAP2\\Library-Services-App\\server\\controller\\users.js","statementMap":{"0":{"start":{"line":1,"column":15},"end":{"line":1,"column":32}},"1":{"start":{"line":2,"column":14},"end":{"line":2,"column":40}},"2":{"start":{"line":3,"column":14},"end":{"line":3,"column":41}},"3":{"start":{"line":6,"column":14},"end":{"line":13,"column":1}},"4":{"start":{"line":7,"column":4},"end":{"line":12,"column":5}},"5":{"start":{"line":8,"column":22},"end":{"line":8,"column":42}},"6":{"start":{"line":9,"column":8},"end":{"line":9,"column":35}},"7":{"start":{"line":11,"column":8},"end":{"line":11,"column":50}},"8":{"start":{"line":15,"column":15},"end":{"line":24,"column":1}},"9":{"start":{"line":16,"column":4},"end":{"line":23,"column":5}},"10":{"start":{"line":17,"column":21},"end":{"line":17,"column":34}},"11":{"start":{"line":18,"column":24},"end":{"line":18,"column":49}},"12":{"start":{"line":19,"column":8},"end":{"line":19,"column":37}},"13":{"start":{"line":22,"column":6},"end":{"line":22,"column":50}},"14":{"start":{"line":25,"column":20},"end":{"line":33,"column":1}},"15":{"start":{"line":26,"column":4},"end":{"line":32,"column":5}},"16":{"start":{"line":27,"column":21},"end":{"line":27,"column":29}},"17":{"start":{"line":28,"column":24},"end":{"line":28,"column":52}},"18":{"start":{"line":29,"column":8},"end":{"line":29,"column":38}},"19":{"start":{"line":31,"column":8},"end":{"line":31,"column":51}},"20":{"start":{"line":35,"column":19},"end":{"line":44,"column":3}},"21":{"start":{"line":36,"column":4},"end":{"line":43,"column":5}},"22":{"start":{"line":37,"column":17},"end":{"line":37,"column":30}},"23":{"start":{"line":38,"column":19},"end":{"line":38,"column":27}},"24":{"start":{"line":39,"column":26},"end":{"line":39,"column":58}},"25":{"start":{"line":40,"column":6},"end":{"line":40,"column":40}},"26":{"start":{"line":42,"column":6},"end":{"line":42,"column":53}},"27":{"start":{"line":47,"column":18},"end":{"line":65,"column":3}},"28":{"start":{"line":48,"column":4},"end":{"line":64,"column":5}},"29":{"start":{"line":49,"column":17},"end":{"line":49,"column":40}},"30":{"start":{"line":50,"column":19},"end":{"line":50,"column":42}},"31":{"start":{"line":52,"column":6},"end":{"line":56,"column":7}},"32":{"start":{"line":54,"column":8},"end":{"line":54,"column":58}},"33":{"start":{"line":55,"column":8},"end":{"line":55,"column":15}},"34":{"start":{"line":59,"column":6},"end":{"line":59,"column":27}},"35":{"start":{"line":61,"column":6},"end":{"line":61,"column":28}},"36":{"start":{"line":63,"column":6},"end":{"line":63,"column":53}},"37":{"start":{"line":71,"column":4},"end":{"line":85,"column":3}},"38":{"start":{"line":72,"column":19},"end":{"line":72,"column":27}},"39":{"start":{"line":75,"column":19},"end":{"line":75,"column":81}},"40":{"start":{"line":78,"column":6},"end":{"line":78,"column":67}},"41":{"start":{"line":80,"column":21},"end":{"line":80,"column":47}},"42":{"start":{"line":82,"column":6},"end":{"line":82,"column":35}},"43":{"start":{"line":84,"column":6},"end":{"line":84,"column":50}},"44":{"start":{"line":88,"column":17},"end":{"line":88,"column":25}},"45":{"start":{"line":89,"column":4},"end":{"line":103,"column":5}},"46":{"start":{"line":90,"column":21},"end":{"line":90,"column":58}},"47":{"start":{"line":91,"column":8},"end":{"line":91,"column":33}},"48":{"start":{"line":92,"column":30},"end":{"line":92,"column":83}},"49":{"start":{"line":93,"column":8},"end":{"line":93,"column":51}},"50":{"start":{"line":94,"column":8},"end":{"line":99,"column":9}},"51":{"start":{"line":95,"column":12},"end":{"line":95,"column":54}},"52":{"start":{"line":97,"column":26},"end":{"line":97,"column":58}},"53":{"start":{"line":98,"column":12},"end":{"line":98,"column":129}},"54":{"start":{"line":102,"column":8},"end":{"line":102,"column":52}},"55":{"start":{"line":106,"column":0},"end":{"line":106,"column":82}}},"fnMap":{"0":{"name":"(anonymous_0)","decl":{"start":{"line":6,"column":14},"end":{"line":6,"column":15}},"loc":{"start":{"line":6,"column":34},"end":{"line":13,"column":1}},"line":6},"1":{"name":"(anonymous_1)","decl":{"start":{"line":15,"column":15},"end":{"line":15,"column":16}},"loc":{"start":{"line":15,"column":35},"end":{"line":24,"column":1}},"line":15},"2":{"name":"(anonymous_2)","decl":{"start":{"line":25,"column":20},"end":{"line":25,"column":21}},"loc":{"start":{"line":25,"column":40},"end":{"line":33,"column":1}},"line":25},"3":{"name":"(anonymous_3)","decl":{"start":{"line":35,"column":19},"end":{"line":35,"column":20}},"loc":{"start":{"line":35,"column":39},"end":{"line":44,"column":3}},"line":35},"4":{"name":"(anonymous_4)","decl":{"start":{"line":47,"column":18},"end":{"line":47,"column":19}},"loc":{"start":{"line":47,"column":38},"end":{"line":65,"column":3}},"line":47},"5":{"name":"register","decl":{"start":{"line":70,"column":17},"end":{"line":70,"column":25}},"loc":{"start":{"line":70,"column":36},"end":{"line":85,"column":4}},"line":70},"6":{"name":"login","decl":{"start":{"line":87,"column":17},"end":{"line":87,"column":22}},"loc":{"start":{"line":87,"column":34},"end":{"line":104,"column":3}},"line":87}},"branchMap":{"0":{"loc":{"start":{"line":52,"column":6},"end":{"line":56,"column":7}},"type":"if","locations":[{"start":{"line":52,"column":6},"end":{"line":56,"column":7}},{"start":{},"end":{}}],"line":52},"1":{"loc":{"start":{"line":94,"column":8},"end":{"line":99,"column":9}},"type":"if","locations":[{"start":{"line":94,"column":8},"end":{"line":99,"column":9}},{"start":{"line":96,"column":15},"end":{"line":99,"column":9}}],"line":94}},"s":{"0":1,"1":1,"2":1,"3":1,"4":1,"5":1,"6":0,"7":1,"8":1,"9":1,"10":1,"11":1,"12":1,"13":0,"14":1,"15":0,"16":0,"17":0,"18":0,"19":0,"20":1,"21":0,"22":0,"23":0,"24":0,"25":0,"26":0,"27":1,"28":1,"29":1,"30":1,"31":1,"32":0,"33":0,"34":1,"35":0,"36":1,"37":1,"38":1,"39":1,"40":1,"41":1,"42":1,"43":0,"44":0,"45":0,"46":0,"47":0,"48":0,"49":0,"50":0,"51":0,"52":0,"53":0,"54":0,"55":1},"f":{"0":1,"1":1,"2":0,"3":0,"4":1,"5":1,"6":0},"b":{"0":[0,1],"1":[0,0]},"_coverageSchema":"1a1c01bbd47fc00a2c39e90264f33305004495a9","hash":"0ac31b2b1c3e26789d1d357c49b842922b16bd2f"}
,"C:\\Users\\PC\\Documents\\Olga\\IT\\LF\\LAP2\\Library-Services-App\\server\\database\\connect.js": {"path":"C:\\Users\\PC\\Documents\\Olga\\IT\\LF\\LAP2\\Library-Services-App\\server\\database\\connect.js","statementMap":{"0":{"start":{"line":1,"column":17},"end":{"line":1,"column":30}},"1":{"start":{"line":3,"column":11},"end":{"line":5,"column":2}},"2":{"start":{"line":9,"column":0},"end":{"line":9,"column":19}}},"fnMap":{},"branchMap":{},"s":{"0":6,"1":6,"2":6},"f":{},"b":{},"_coverageSchema":"1a1c01bbd47fc00a2c39e90264f33305004495a9","hash":"9063bf34195fffc6bb498bc75fa3dcd32c43d7a6"}
,"C:\\Users\\PC\\Documents\\Olga\\IT\\LF\\LAP2\\Library-Services-App\\server\\models\\Books.js": {"path":"C:\\Users\\PC\\Documents\\Olga\\IT\\LF\\LAP2\\Library-Services-App\\server\\models\\Books.js","statementMap":{"0":{"start":{"line":1,"column":11},"end":{"line":1,"column":41}},"1":{"start":{"line":5,"column":8},"end":{"line":5,"column":30}},"2":{"start":{"line":6,"column":8},"end":{"line":6,"column":26}},"3":{"start":{"line":7,"column":8},"end":{"line":7,"column":28}},"4":{"start":{"line":8,"column":8},"end":{"line":8,"column":38}},"5":{"start":{"line":9,"column":8},"end":{"line":9,"column":32}},"6":{"start":{"line":10,"column":8},"end":{"line":10,"column":28}},"7":{"start":{"line":11,"column":8},"end":{"line":11,"column":40}},"8":{"start":{"line":12,"column":8},"end":{"line":12,"column":34}},"9":{"start":{"line":16,"column":25},"end":{"line":16,"column":63}},"10":{"start":{"line":17,"column":8},"end":{"line":19,"column":9}},"11":{"start":{"line":18,"column":12},"end":{"line":18,"column":49}},"12":{"start":{"line":20,"column":8},"end":{"line":20,"column":53}},"13":{"start":{"line":20,"column":39},"end":{"line":20,"column":52}},"14":{"start":{"line":24,"column":25},"end":{"line":24,"column":96}},"15":{"start":{"line":25,"column":8},"end":{"line":27,"column":9}},"16":{"start":{"line":26,"column":12},"end":{"line":26,"column":55}},"17":{"start":{"line":28,"column":8},"end":{"line":28,"column":42}},"18":{"start":{"line":31,"column":25},"end":{"line":31,"column":88}},"19":{"start":{"line":32,"column":8},"end":{"line":34,"column":9}},"20":{"start":{"line":33,"column":12},"end":{"line":33,"column":55}},"21":{"start":{"line":35,"column":8},"end":{"line":35,"column":42}},"22":{"start":{"line":39,"column":25},"end":{"line":39,"column":102}},"23":{"start":{"line":40,"column":8},"end":{"line":42,"column":9}},"24":{"start":{"line":41,"column":12},"end":{"line":41,"column":49}},"25":{"start":{"line":43,"column":8},"end":{"line":43,"column":53}},"26":{"start":{"line":43,"column":39},"end":{"line":43,"column":52}},"27":{"start":{"line":51,"column":0},"end":{"line":51,"column":22}}},"fnMap":{"0":{"name":"(anonymous_0)","decl":{"start":{"line":4,"column":4},"end":{"line":4,"column":5}},"loc":{"start":{"line":4,"column":98},"end":{"line":13,"column":5}},"line":4},"1":{"name":"(anonymous_1)","decl":{"start":{"line":15,"column":4},"end":{"line":15,"column":5}},"loc":{"start":{"line":15,"column":27},"end":{"line":21,"column":5}},"line":15},"2":{"name":"(anonymous_2)","decl":{"start":{"line":20,"column":33},"end":{"line":20,"column":34}},"loc":{"start":{"line":20,"column":39},"end":{"line":20,"column":52}},"line":20},"3":{"name":"(anonymous_3)","decl":{"start":{"line":23,"column":4},"end":{"line":23,"column":5}},"loc":{"start":{"line":23,"column":41},"end":{"line":29,"column":5}},"line":23},"4":{"name":"(anonymous_4)","decl":{"start":{"line":30,"column":4},"end":{"line":30,"column":5}},"loc":{"start":{"line":30,"column":32},"end":{"line":36,"column":5}},"line":30},"5":{"name":"(anonymous_5)","decl":{"start":{"line":38,"column":4},"end":{"line":38,"column":5}},"loc":{"start":{"line":38,"column":45},"end":{"line":44,"column":5}},"line":38},"6":{"name":"(anonymous_6)","decl":{"start":{"line":43,"column":33},"end":{"line":43,"column":34}},"loc":{"start":{"line":43,"column":39},"end":{"line":43,"column":52}},"line":43}},"branchMap":{"0":{"loc":{"start":{"line":17,"column":8},"end":{"line":19,"column":9}},"type":"if","locations":[{"start":{"line":17,"column":8},"end":{"line":19,"column":9}},{"start":{},"end":{}}],"line":17},"1":{"loc":{"start":{"line":25,"column":8},"end":{"line":27,"column":9}},"type":"if","locations":[{"start":{"line":25,"column":8},"end":{"line":27,"column":9}},{"start":{},"end":{}}],"line":25},"2":{"loc":{"start":{"line":32,"column":8},"end":{"line":34,"column":9}},"type":"if","locations":[{"start":{"line":32,"column":8},"end":{"line":34,"column":9}},{"start":{},"end":{}}],"line":32},"3":{"loc":{"start":{"line":40,"column":8},"end":{"line":42,"column":9}},"type":"if","locations":[{"start":{"line":40,"column":8},"end":{"line":42,"column":9}},{"start":{},"end":{}}],"line":40}},"s":{"0":2,"1":11,"2":11,"3":11,"4":11,"5":11,"6":11,"7":11,"8":11,"9":1,"10":1,"11":0,"12":1,"13":1,"14":2,"15":2,"16":1,"17":1,"18":2,"19":2,"20":1,"21":1,"22":2,"23":2,"24":1,"25":1,"26":2,"27":2},"f":{"0":11,"1":1,"2":1,"3":2,"4":2,"5":2,"6":2},"b":{"0":[0,1],"1":[1,1],"2":[1,1],"3":[1,1]},"_coverageSchema":"1a1c01bbd47fc00a2c39e90264f33305004495a9","hash":"cb4a69c111976c58ebcc616d628080d93a7f02ea"}
,"C:\\Users\\PC\\Documents\\Olga\\IT\\LF\\LAP2\\Library-Services-App\\server\\models\\Orders.js": {"path":"C:\\Users\\PC\\Documents\\Olga\\IT\\LF\\LAP2\\Library-Services-App\\server\\models\\Orders.js","statementMap":{"0":{"start":{"line":1,"column":11},"end":{"line":1,"column":41}},"1":{"start":{"line":5,"column":8},"end":{"line":5,"column":32}},"2":{"start":{"line":6,"column":8},"end":{"line":6,"column":30}},"3":{"start":{"line":7,"column":8},"end":{"line":7,"column":30}},"4":{"start":{"line":8,"column":8},"end":{"line":8,"column":46}},"5":{"start":{"line":9,"column":8},"end":{"line":9,"column":46}},"6":{"start":{"line":13,"column":25},"end":{"line":13,"column":64}},"7":{"start":{"line":14,"column":8},"end":{"line":16,"column":9}},"8":{"start":{"line":15,"column":12},"end":{"line":15,"column":46}},"9":{"start":{"line":17,"column":8},"end":{"line":17,"column":60}},"10":{"start":{"line":17,"column":42},"end":{"line":17,"column":59}},"11":{"start":{"line":21,"column":25},"end":{"line":21,"column":89}},"12":{"start":{"line":22,"column":8},"end":{"line":28,"column":9}},"13":{"start":{"line":23,"column":12},"end":{"line":23,"column":46}},"14":{"start":{"line":24,"column":14},"end":{"line":28,"column":9}},"15":{"start":{"line":25,"column":12},"end":{"line":25,"column":47}},"16":{"start":{"line":27,"column":8},"end":{"line":27,"column":60}},"17":{"start":{"line":27,"column":42},"end":{"line":27,"column":59}},"18":{"start":{"line":32,"column":69},"end":{"line":32,"column":73}},"19":{"start":{"line":33,"column":25},"end":{"line":33,"column":206}},"20":{"start":{"line":34,"column":8},"end":{"line":34,"column":43}},"21":{"start":{"line":38,"column":25},"end":{"line":38,"column":228}},"22":{"start":{"line":39,"column":8},"end":{"line":39,"column":43}},"23":{"start":{"line":45,"column":0},"end":{"line":45,"column":23}}},"fnMap":{"0":{"name":"(anonymous_0)","decl":{"start":{"line":4,"column":4},"end":{"line":4,"column":5}},"loc":{"start":{"line":4,"column":81},"end":{"line":10,"column":5}},"line":4},"1":{"name":"(anonymous_1)","decl":{"start":{"line":12,"column":4},"end":{"line":12,"column":5}},"loc":{"start":{"line":12,"column":27},"end":{"line":18,"column":5}},"line":12},"2":{"name":"(anonymous_2)","decl":{"start":{"line":17,"column":33},"end":{"line":17,"column":34}},"loc":{"start":{"line":17,"column":42},"end":{"line":17,"column":59}},"line":17},"3":{"name":"(anonymous_3)","decl":{"start":{"line":20,"column":4},"end":{"line":20,"column":5}},"loc":{"start":{"line":20,"column":30},"end":{"line":29,"column":5}},"line":20},"4":{"name":"(anonymous_4)","decl":{"start":{"line":27,"column":33},"end":{"line":27,"column":34}},"loc":{"start":{"line":27,"column":42},"end":{"line":27,"column":59}},"line":27},"5":{"name":"(anonymous_5)","decl":{"start":{"line":31,"column":4},"end":{"line":31,"column":5}},"loc":{"start":{"line":31,"column":34},"end":{"line":35,"column":5}},"line":31},"6":{"name":"(anonymous_6)","decl":{"start":{"line":37,"column":4},"end":{"line":37,"column":5}},"loc":{"start":{"line":37,"column":90},"end":{"line":40,"column":5}},"line":37}},"branchMap":{"0":{"loc":{"start":{"line":14,"column":8},"end":{"line":16,"column":9}},"type":"if","locations":[{"start":{"line":14,"column":8},"end":{"line":16,"column":9}},{"start":{},"end":{}}],"line":14},"1":{"loc":{"start":{"line":22,"column":8},"end":{"line":28,"column":9}},"type":"if","locations":[{"start":{"line":22,"column":8},"end":{"line":28,"column":9}},{"start":{"line":24,"column":14},"end":{"line":28,"column":9}}],"line":22},"2":{"loc":{"start":{"line":24,"column":14},"end":{"line":28,"column":9}},"type":"if","locations":[{"start":{"line":24,"column":14},"end":{"line":28,"column":9}},{"start":{"line":26,"column":13},"end":{"line":28,"column":9}}],"line":24}},"s":{"0":2,"1":11,"2":11,"3":11,"4":11,"5":11,"6":1,"7":1,"8":0,"9":1,"10":1,"11":3,"12":3,"13":1,"14":2,"15":0,"16":2,"17":3,"18":1,"19":1,"20":1,"21":1,"22":1,"23":2},"f":{"0":11,"1":1,"2":1,"3":3,"4":3,"5":1,"6":1},"b":{"0":[0,1],"1":[1,2],"2":[0,2]},"_coverageSchema":"1a1c01bbd47fc00a2c39e90264f33305004495a9","hash":"373337c5a6b56ed8f217122b93edeb80a250f226"}
,"C:\\Users\\PC\\Documents\\Olga\\IT\\LF\\LAP2\\Library-Services-App\\server\\models\\Tokens.js": {"path":"C:\\Users\\PC\\Documents\\Olga\\IT\\LF\\LAP2\\Library-Services-App\\server\\models\\Tokens.js","statementMap":{"0":{"start":{"line":1,"column":23},"end":{"line":1,"column":38}},"1":{"start":{"line":3,"column":11},"end":{"line":3,"column":41}},"2":{"start":{"line":8,"column":8},"end":{"line":8,"column":33}},"3":{"start":{"line":9,"column":8},"end":{"line":9,"column":31}},"4":{"start":{"line":10,"column":8},"end":{"line":10,"column":27}},"5":{"start":{"line":14,"column":22},"end":{"line":14,"column":30}},"6":{"start":{"line":15,"column":25},"end":{"line":16,"column":29}},"7":{"start":{"line":17,"column":22},"end":{"line":17,"column":47}},"8":{"start":{"line":18,"column":25},"end":{"line":18,"column":54}},"9":{"start":{"line":19,"column":8},"end":{"line":19,"column":24}},"10":{"start":{"line":23,"column":25},"end":{"line":23,"column":88}},"11":{"start":{"line":24,"column":8},"end":{"line":28,"column":9}},"12":{"start":{"line":25,"column":12},"end":{"line":25,"column":55}},"13":{"start":{"line":27,"column":12},"end":{"line":27,"column":47}},"14":{"start":{"line":32,"column":25},"end":{"line":32,"column":88}},"15":{"start":{"line":33,"column":8},"end":{"line":37,"column":9}},"16":{"start":{"line":34,"column":12},"end":{"line":34,"column":55}},"17":{"start":{"line":36,"column":12},"end":{"line":36,"column":47}},"18":{"start":{"line":44,"column":0},"end":{"line":44,"column":23}}},"fnMap":{"0":{"name":"(anonymous_0)","decl":{"start":{"line":7,"column":4},"end":{"line":7,"column":5}},"loc":{"start":{"line":7,"column":45},"end":{"line":11,"column":5}},"line":7},"1":{"name":"(anonymous_1)","decl":{"start":{"line":13,"column":4},"end":{"line":13,"column":5}},"loc":{"start":{"line":13,"column":33},"end":{"line":20,"column":5}},"line":13},"2":{"name":"(anonymous_2)","decl":{"start":{"line":22,"column":4},"end":{"line":22,"column":5}},"loc":{"start":{"line":22,"column":32},"end":{"line":29,"column":5}},"line":22},"3":{"name":"(anonymous_3)","decl":{"start":{"line":31,"column":4},"end":{"line":31,"column":5}},"loc":{"start":{"line":31,"column":38},"end":{"line":38,"column":5}},"line":31}},"branchMap":{"0":{"loc":{"start":{"line":24,"column":8},"end":{"line":28,"column":9}},"type":"if","locations":[{"start":{"line":24,"column":8},"end":{"line":28,"column":9}},{"start":{"line":26,"column":15},"end":{"line":28,"column":9}}],"line":24},"1":{"loc":{"start":{"line":33,"column":8},"end":{"line":37,"column":9}},"type":"if","locations":[{"start":{"line":33,"column":8},"end":{"line":37,"column":9}},{"start":{"line":35,"column":15},"end":{"line":37,"column":9}}],"line":33}},"s":{"0":1,"1":1,"2":0,"3":0,"4":0,"5":0,"6":0,"7":0,"8":0,"9":0,"10":0,"11":0,"12":0,"13":0,"14":0,"15":0,"16":0,"17":0,"18":1},"f":{"0":0,"1":0,"2":0,"3":0},"b":{"0":[0,0],"1":[0,0]},"_coverageSchema":"1a1c01bbd47fc00a2c39e90264f33305004495a9","hash":"ff0baa51df8f290872f88b1a9600f716eda545af"}
,"C:\\Users\\PC\\Documents\\Olga\\IT\\LF\\LAP2\\Library-Services-App\\server\\models\\Users.js": {"path":"C:\\Users\\PC\\Documents\\Olga\\IT\\LF\\LAP2\\Library-Services-App\\server\\models\\Users.js","statementMap":{"0":{"start":{"line":1,"column":11},"end":{"line":1,"column":41}},"1":{"start":{"line":5,"column":8},"end":{"line":5,"column":30}},"2":{"start":{"line":6,"column":8},"end":{"line":6,"column":24}},"3":{"start":{"line":7,"column":8},"end":{"line":7,"column":26}},"4":{"start":{"line":8,"column":8},"end":{"line":8,"column":32}},"5":{"start":{"line":9,"column":8},"end":{"line":9,"column":36}},"6":{"start":{"line":14,"column":25},"end":{"line":14,"column":63}},"7":{"start":{"line":15,"column":8},"end":{"line":17,"column":9}},"8":{"start":{"line":16,"column":12},"end":{"line":16,"column":49}},"9":{"start":{"line":18,"column":8},"end":{"line":18,"column":57}},"10":{"start":{"line":18,"column":41},"end":{"line":18,"column":56}},"11":{"start":{"line":22,"column":25},"end":{"line":22,"column":88}},"12":{"start":{"line":23,"column":8},"end":{"line":25,"column":9}},"13":{"start":{"line":24,"column":12},"end":{"line":24,"column":44}},"14":{"start":{"line":26,"column":8},"end":{"line":26,"column":42}},"15":{"start":{"line":29,"column":25},"end":{"line":29,"column":89}},"16":{"start":{"line":30,"column":8},"end":{"line":32,"column":9}},"17":{"start":{"line":31,"column":12},"end":{"line":31,"column":44}},"18":{"start":{"line":33,"column":8},"end":{"line":33,"column":42}},"19":{"start":{"line":36,"column":40},"end":{"line":36,"column":44}},"20":{"start":{"line":37,"column":25},"end":{"line":37,"column":142}},"21":{"start":{"line":38,"column":8},"end":{"line":38,"column":42}},"22":{"start":{"line":42,"column":42},"end":{"line":42,"column":46}},"23":{"start":{"line":43,"column":25},"end":{"line":46,"column":9}},"24":{"start":{"line":47,"column":8},"end":{"line":49,"column":9}},"25":{"start":{"line":48,"column":10},"end":{"line":48,"column":56}},"26":{"start":{"line":50,"column":8},"end":{"line":50,"column":43}},"27":{"start":{"line":55,"column":25},"end":{"line":55,"column":102}},"28":{"start":{"line":57,"column":8},"end":{"line":59,"column":9}},"29":{"start":{"line":58,"column":10},"end":{"line":58,"column":52}},"30":{"start":{"line":62,"column":8},"end":{"line":62,"column":43}},"31":{"start":{"line":70,"column":0},"end":{"line":70,"column":22}}},"fnMap":{"0":{"name":"(anonymous_0)","decl":{"start":{"line":4,"column":4},"end":{"line":4,"column":5}},"loc":{"start":{"line":4,"column":62},"end":{"line":10,"column":5}},"line":4},"1":{"name":"(anonymous_1)","decl":{"start":{"line":13,"column":4},"end":{"line":13,"column":5}},"loc":{"start":{"line":13,"column":27},"end":{"line":19,"column":5}},"line":13},"2":{"name":"(anonymous_2)","decl":{"start":{"line":18,"column":33},"end":{"line":18,"column":34}},"loc":{"start":{"line":18,"column":41},"end":{"line":18,"column":56}},"line":18},"3":{"name":"(anonymous_3)","decl":{"start":{"line":21,"column":4},"end":{"line":21,"column":5}},"loc":{"start":{"line":21,"column":30},"end":{"line":27,"column":5}},"line":21},"4":{"name":"(anonymous_4)","decl":{"start":{"line":28,"column":4},"end":{"line":28,"column":5}},"loc":{"start":{"line":28,"column":39},"end":{"line":34,"column":5}},"line":28},"5":{"name":"(anonymous_5)","decl":{"start":{"line":35,"column":4},"end":{"line":35,"column":5}},"loc":{"start":{"line":35,"column":31},"end":{"line":39,"column":5}},"line":35},"6":{"name":"(anonymous_6)","decl":{"start":{"line":41,"column":4},"end":{"line":41,"column":5}},"loc":{"start":{"line":41,"column":38},"end":{"line":51,"column":7}},"line":41},"7":{"name":"(anonymous_7)","decl":{"start":{"line":54,"column":6},"end":{"line":54,"column":7}},"loc":{"start":{"line":54,"column":35},"end":{"line":63,"column":7}},"line":54}},"branchMap":{"0":{"loc":{"start":{"line":15,"column":8},"end":{"line":17,"column":9}},"type":"if","locations":[{"start":{"line":15,"column":8},"end":{"line":17,"column":9}},{"start":{},"end":{}}],"line":15},"1":{"loc":{"start":{"line":23,"column":8},"end":{"line":25,"column":9}},"type":"if","locations":[{"start":{"line":23,"column":8},"end":{"line":25,"column":9}},{"start":{},"end":{}}],"line":23},"2":{"loc":{"start":{"line":30,"column":8},"end":{"line":32,"column":9}},"type":"if","locations":[{"start":{"line":30,"column":8},"end":{"line":32,"column":9}},{"start":{},"end":{}}],"line":30},"3":{"loc":{"start":{"line":47,"column":8},"end":{"line":49,"column":9}},"type":"if","locations":[{"start":{"line":47,"column":8},"end":{"line":49,"column":9}},{"start":{},"end":{}}],"line":47},"4":{"loc":{"start":{"line":57,"column":8},"end":{"line":59,"column":9}},"type":"if","locations":[{"start":{"line":57,"column":8},"end":{"line":59,"column":9}},{"start":{},"end":{}}],"line":57}},"s":{"0":2,"1":9,"2":9,"3":9,"4":9,"5":9,"6":1,"7":1,"8":0,"9":1,"10":1,"11":2,"12":2,"13":1,"14":1,"15":1,"16":1,"17":0,"18":1,"19":1,"20":1,"21":1,"22":1,"23":1,"24":1,"25":0,"26":1,"27":1,"28":1,"29":0,"30":1,"31":2},"f":{"0":9,"1":1,"2":1,"3":2,"4":1,"5":1,"6":1,"7":1},"b":{"0":[0,1],"1":[1,1],"2":[0,1],"3":[0,1],"4":[0,1]},"_coverageSchema":"1a1c01bbd47fc00a2c39e90264f33305004495a9","hash":"8975416c925b0a8d2ce6133bf686e34b3aa3bc2b"}
}
