TN:
SF:controller\books.js
FN:3,(anonymous_0)
FN:12,(anonymous_1)
FN:21,(anonymous_2)
FN:32,(anonymous_3)
FNF:4
FNH:4
FNDA:1,(anonymous_0)
FNDA:1,(anonymous_1)
FNDA:1,(anonymous_2)
FNDA:1,(anonymous_3)
DA:1,1
DA:3,1
DA:4,1
DA:5,1
DA:6,0
DA:8,1
DA:12,1
DA:13,1
DA:14,1
DA:15,1
DA:16,1
DA:18,0
DA:21,1
DA:22,1
DA:23,1
DA:24,1
DA:25,1
DA:27,0
DA:32,1
DA:33,1
DA:34,1
DA:35,1
DA:36,1
DA:39,0
DA:48,1
LF:25
LH:21
BRF:0
BRH:0
end_of_record
TN:
SF:controller\orders.js
FN:3,(anonymous_0)
FN:12,(anonymous_1)
FN:23,(anonymous_2)
FN:33,(anonymous_3)
FNF:4
FNH:4
FNDA:1,(anonymous_0)
FNDA:1,(anonymous_1)
FNDA:1,(anonymous_2)
FNDA:1,(anonymous_3)
DA:1,1
DA:3,1
DA:4,1
DA:5,1
DA:6,0
DA:8,1
DA:12,1
DA:13,1
DA:14,1
DA:15,1
DA:16,1
DA:19,0
DA:23,1
DA:24,1
DA:25,1
DA:26,1
DA:27,1
DA:29,0
DA:33,1
DA:34,1
DA:35,1
DA:36,1
DA:37,1
DA:40,0
DA:45,1
LF:25
LH:21
BRF:0
BRH:0
end_of_record
TN:
SF:controller\users.js
FN:6,(anonymous_0)
FN:15,(anonymous_1)
FN:25,(anonymous_2)
FN:35,(anonymous_3)
FN:47,(anonymous_4)
FN:70,register
FN:87,login
FNF:7
FNH:4
FNDA:1,(anonymous_0)
FNDA:1,(anonymous_1)
FNDA:0,(anonymous_2)
FNDA:0,(anonymous_3)
FNDA:1,(anonymous_4)
FNDA:1,register
FNDA:0,login
DA:1,1
DA:2,1
DA:3,1
DA:6,1
DA:7,1
DA:8,1
DA:9,0
DA:11,1
DA:15,1
DA:16,1
DA:17,1
DA:18,1
DA:19,1
DA:22,0
DA:25,1
DA:26,0
DA:27,0
DA:28,0
DA:29,0
DA:31,0
DA:35,1
DA:36,0
DA:37,0
DA:38,0
DA:39,0
DA:40,0
DA:42,0
DA:47,1
DA:48,1
DA:49,1
DA:50,1
DA:52,1
DA:54,0
DA:55,0
DA:59,1
DA:61,0
DA:63,1
DA:71,1
DA:72,1
DA:75,1
DA:78,1
DA:80,1
DA:82,1
DA:84,0
DA:88,0
DA:89,0
DA:90,0
DA:91,0
DA:92,0
DA:93,0
DA:94,0
DA:95,0
DA:97,0
DA:98,0
DA:102,0
DA:106,1
LF:56
LH:28
BRDA:52,0,0,0
BRDA:52,0,1,1
BRDA:94,1,0,0
BRDA:94,1,1,0
BRF:4
BRH:1
end_of_record
TN:
SF:database\connect.js
FNF:0
FNH:0
DA:1,6
DA:3,6
DA:9,6
LF:3
LH:3
BRF:0
BRH:0
end_of_record
TN:
SF:models\Books.js
FN:4,(anonymous_0)
FN:15,(anonymous_1)
FN:20,(anonymous_2)
FN:23,(anonymous_3)
FN:30,(anonymous_4)
FN:38,(anonymous_5)
FN:43,(anonymous_6)
FNF:7
FNH:7
FNDA:11,(anonymous_0)
FNDA:1,(anonymous_1)
FNDA:1,(anonymous_2)
FNDA:2,(anonymous_3)
FNDA:2,(anonymous_4)
FNDA:2,(anonymous_5)
FNDA:2,(anonymous_6)
DA:1,2
DA:5,11
DA:6,11
DA:7,11
DA:8,11
DA:9,11
DA:10,11
DA:11,11
DA:12,11
DA:16,1
DA:17,1
DA:18,0
DA:20,1
DA:24,2
DA:25,2
DA:26,1
DA:28,1
DA:31,2
DA:32,2
DA:33,1
DA:35,1
DA:39,2
DA:40,2
DA:41,1
DA:43,2
DA:51,2
LF:26
LH:25
BRDA:17,0,0,0
BRDA:17,0,1,1
BRDA:25,1,0,1
BRDA:25,1,1,1
BRDA:32,2,0,1
BRDA:32,2,1,1
BRDA:40,3,0,1
BRDA:40,3,1,1
BRF:8
BRH:7
end_of_record
TN:
SF:models\Orders.js
FN:4,(anonymous_0)
FN:12,(anonymous_1)
FN:17,(anonymous_2)
FN:20,(anonymous_3)
FN:27,(anonymous_4)
FN:31,(anonymous_5)
FN:37,(anonymous_6)
FNF:7
FNH:7
FNDA:11,(anonymous_0)
FNDA:1,(anonymous_1)
FNDA:1,(anonymous_2)
FNDA:3,(anonymous_3)
FNDA:3,(anonymous_4)
FNDA:1,(anonymous_5)
FNDA:1,(anonymous_6)
DA:1,2
DA:5,11
DA:6,11
DA:7,11
DA:8,11
DA:9,11
DA:13,1
DA:14,1
DA:15,0
DA:17,1
DA:21,3
DA:22,3
DA:23,1
DA:24,2
DA:25,0
DA:27,3
DA:32,1
DA:33,1
DA:34,1
DA:38,1
DA:39,1
DA:45,2
LF:22
LH:20
BRDA:14,0,0,0
BRDA:14,0,1,1
BRDA:22,1,0,1
BRDA:22,1,1,2
BRDA:24,2,0,0
BRDA:24,2,1,2
BRF:6
BRH:4
end_of_record
TN:
SF:models\Tokens.js
FN:7,(anonymous_0)
FN:13,(anonymous_1)
FN:22,(anonymous_2)
FN:31,(anonymous_3)
FNF:4
FNH:0
FNDA:0,(anonymous_0)
FNDA:0,(anonymous_1)
FNDA:0,(anonymous_2)
FNDA:0,(anonymous_3)
DA:1,1
DA:3,1
DA:8,0
DA:9,0
DA:10,0
DA:14,0
DA:15,0
DA:17,0
DA:18,0
DA:19,0
DA:23,0
DA:24,0
DA:25,0
DA:27,0
DA:32,0
DA:33,0
DA:34,0
DA:36,0
DA:44,1
LF:19
LH:3
BRDA:24,0,0,0
BRDA:24,0,1,0
BRDA:33,1,0,0
BRDA:33,1,1,0
BRF:4
BRH:0
end_of_record
TN:
SF:models\Users.js
FN:4,(anonymous_0)
FN:13,(anonymous_1)
FN:18,(anonymous_2)
FN:21,(anonymous_3)
FN:28,(anonymous_4)
FN:35,(anonymous_5)
FN:41,(anonymous_6)
FN:54,(anonymous_7)
FNF:8
FNH:8
FNDA:9,(anonymous_0)
FNDA:1,(anonymous_1)
FNDA:1,(anonymous_2)
FNDA:2,(anonymous_3)
FNDA:1,(anonymous_4)
FNDA:1,(anonymous_5)
FNDA:1,(anonymous_6)
FNDA:1,(anonymous_7)
DA:1,2
DA:5,9
DA:6,9
DA:7,9
DA:8,9
DA:9,9
DA:14,1
DA:15,1
DA:16,0
DA:18,1
DA:22,2
DA:23,2
DA:24,1
DA:26,1
DA:29,1
DA:30,1
DA:31,0
DA:33,1
DA:36,1
DA:37,1
DA:38,1
DA:42,1
DA:43,1
DA:47,1
DA:48,0
DA:50,1
DA:55,1
DA:57,1
DA:58,0
DA:62,1
DA:70,2
LF:31
LH:27
BRDA:15,0,0,0
BRDA:15,0,1,1
BRDA:23,1,0,1
BRDA:23,1,1,1
BRDA:30,2,0,0
BRDA:30,2,1,1
BRDA:47,3,0,0
BRDA:47,3,1,1
BRDA:57,4,0,0
BRDA:57,4,1,1
BRF:10
BRH:6
end_of_record
